ev
dens
nanek
harper
hillary
monteiro
EFF
newmediajim
mat
photomatt
jcarbaugh
al3x
smarty
Starbucks
acdha
easel
ceejbot
mgsiegler
god
kevinrose
leahculver
joyent
heddahfeddah
mikeal
willsmith
RobbieTheGeek
defunkt
arstechnica
stevelosh
jeffpulver
jeresig
heyitsgarrett
twitter
technosailor
chriscoyier
Xof
dshaw
garybernhardt
alexisohanian
chrisgarrett
JoeCascio
ryan
ginatrapani
ajturner
ericg
jimgoldstein
elgreg
bonnie
async_io
sunlightlabs
wilw
danmactough
Dan_Christensen
lizstrauss
adrianholovaty
peterrojas
nytimesbooks
tmcw
gletham
paul_irish
jszmajda
pkrumins
dylang
alejandroreyes
yayitsrob
washingtonpost
atanas
WBUR
kennethlove
spooons
ckj
Pistachio
audreyr
talllguy
joestump
rdempsey
Oatmeal
edwelker
storm72
incanus77
glennon
AJEnglish
NickCho
justgrimes
JofArnold
konklone
aclark4life
NPR
Andrew303
barcelonaphotos
mojombo
josephjames
yurivictor
ironfroggy
codinghorror
kcunning
AndeGregson
SunFoundation
heyadamroberts
TheEconomist
Ardvaark
willwhitedc
jaraco
twitterapi
grossberg
lepht
seanherron
Anechoic
rossk
mas90guru
QueenofSpain
libraryguy
bkjones
jmayer
kg4jbj
MattBowen
feliciaday
tpope
izs
jeremybowers
cmueller
ducklet
samstod
nchan
andrewgodwin
selenamarie
JasonFalls
PolitiFact
NaNoWriMo
searls
reedobrien
abraham
pycon
ashedryden
solomonstre
adamcohen
perrelli
glyph
bryceroney
adamdscott
daringfireball
AB9RF
1WineDude
holman
NASA
magichat
voidspace
DruidSmith
joshuatopolsky
greglinch
needcaffeine
mikebrody
malgorithms
denormalize
yuletide
billdollins
craigkerstiens
jharpster
mattcaldwell
CraigCamp
allsongs
bennylope
mitsuhiko
lhochstein
johntindale
ianshward
mcwhittemore
github
ratebeer
carljm
CoffeeGeek
nprmusic
nprbooks
geoparadigm
lxbarth
NPRextra
jessenoller
d0ugal
JackieKazil
twitlive
foursquare
Kirrilian
publicknowledge
richleland
Shentonfreude
raymondh
w1wra
johnelliottDC
paolodm
Ezzzay
cshenoy
benjaminws
mmWine
mikerugnetta
scottmarlowe
magichair
mbifulco
jakin
marcoarment
JamesPlankton
jdalton
rhodesjason
trevorgerhardt
grafxnerd
edsu
postlocal
hodgman
Bourdain
retzloff
r1chardj0n3s
noahbradley
freakboy3742
wcp
matthewcp
KathleenLD
codebear
FindBeerInfo
BrettGreene
realestatechick
dhh
brianboyer
Meetup
sgillies
alex_gaynor
ptone
C418
NewYorker
devhammer
GeoDAWG
hartfordcourant
springmeyer
emilycappa
tenderlove
derickbailey
jasonbirch
stiles
maro254
mhevery
dannydb
wilsongis
pydanny
Graham_LRR
hynek
debpuchalla
nycjim
paul_boos
nbcwashington
mattwensing
aussielunix
MuseumModernArt
__KatieBrooks
zzzeek
anthonydpaul
dcbeer
adunkman
justinlevy
cmcclain_nj
MaxTemkin
nclud
DCist
DUQE
IanWalsh
capitalweather
Namecheap
johnjreiser
brandon_rhodes
MyStarbucksIdea
thomassanchez
johnlindquist
libliz
kd0bik
coffeeandcode
districtjoe
KateRothwell
welovemikeyb
donttrythis
kyle_conrad
hardwick
draftmag
pingdom
paultag
zeeg
sitepointdotcom
wonderchook
jessicagarson
colinmcenroe
martinavila
gvanrossum
mattmakai
mtrythall
goodreads
rollcall
JonathanAbrams
nathenharvey
leahbannon
echoshack
NateSilver538
TheAVClub
gregavola
arrl
kylehill
amandahesser
benbalter
nacin
mcuban
Joan_W
nedbat
washingtondc
JimBarry
qbunt
wikileaks
hirshhorn
wolever
getify
jfire
BYT
nathancahill
Totalbiscuit
Sips_
houstonwino
0x9900
steveaoki
PetersonGIS
svt827
ovnicraft
chasejarvis
AndrewShears
BaerTaffy
ManoMarks
doughellmann
cmcginty
DCchelsea
tomecurran
uscapitol
WEEI
mattpriour
GISpathway
N0SSC
heldermira
joseph_flasher
dcpl
mpppg
drgridlock
Strabd
petesouza
TobiasMcNulty
aj_ashton
neilhimself
geographile
joe_hill
theneedledrop
bcardarella
phisigmapi
jacobian
j00bar
colinmeloy
wmata
Zagat
fheisler
GeoTechie
donaldglover
maxtaco
danberger
WABADC
JasonTheVillain
AllThingsGo
neiltyson
SpanishDict
yogscast
NASAJPL
juliebeman
jameyjeff
tjortenzi
DonnaTronna
MorningEdition
930Club
petes_newhaven
google
satyanadella
ahaurw01
MichaelAusiello
roguelynn
amazon
OverTheMonster
kurtjmac
Flickr
whammes
unsuckdcmetro
johnkpaul
Taliesn
SkipCody
rjhale
linclark
ryanhanrahan
Ian_Bethune
DDOTDC
thisdavejohnson
DonMeltz
RebeccaMachamer
wherewelive
deadmau5
RattyBurvil
GEOpdx
CarrieTurners
asberk
stevewoz
wnpr
OnPointRadio
dc_coder
TCGplayer
mindykaling
clare__hutch
motdotla
WSankey
ZacharyLevi
jeb_
peregrinedc
geo_will
xor
ggwash
lsv
django_district
UConnAlumni
duncangraham
SportsCenter
rockbot
_tomchristie
gariphic
jtimberlake
WX1GRS
KenCochrane
IAmMattR
apexearth
Boss_MTG
matthewhagopian
RedDerby
GeoMmm
Alana_812
UConnHuskies
artofmanliness
nationjs
grantimahara
Radiolab
chrismcdonough
mtimlin
tjholowaychuk
MarinaHarmon
philecker
palendae
mcsweeneys
domenic
Patriots
nodebotanist
NathanFillion
sweetandcrazy11
eisaksen
SI_PeterKing
Ms_MaryMack
soniccircuits
KylerStorm
whit537
silasmerlin
TheaClay
postmetrogirl
uncompiled
SpaceX
PoPville
addyosmani
cameronmaske
jwpe
ThBlackSquirrel
strong_sad
BillNye
theomn
mylifeasalllly
ktay11
briankowalenko
therebeccamead
tyronerodriguez
desmondconner
cwrightdesign
postrk
sabelharris
RedSox
WalkThePlanes
SalarRahmanian
HackyGoLucky
edwardjkim
CassandraKub
filbertkm
Trever
urealms
tonyojeda3
UConnFootball
usesthis
32arden
quill18
webchad
randal_olson
NoEscalators
kennethreitz
SavannahGuthrie
ColinCowherd
MoRocca
RCNconnects
Mapbox
kicksopenminds
motherboard
donald_faison
RSGAT
mappingdc
Cdspeis
notch
ThePSF
codeforamerica
RT_com
nutjob4life
obfuscurity
ZooeyDeschanel
awscloud
MeridianPint
cbfitzgerald
TheWadsworth
stephen_mcd
dan_abramov
jrullmann
simple
pingdomalert
DCBeerBill
uhalldc
recursivefunk
trevnorris
RoastMonkey
entchev
moxie
zachbraff
edmundmcmillen
RalphNader
churchkeydc
FastMailFM
BryanCranston
paulweveritt
DemetriKots
drinkdc
siloraptor
petrillic
stevenha11
Dinnerbone
UConn
MagicJudges
fbradley33
rektide
AndBeauerson
Buster_ESPN
ActuallyNPH
GeographicalMag
Forbes
nodejs
indutny
IzeRahRah
safety
EatFellowHumans
PaulGrizzay
IanMcKellen
jeffcohenwnpr
matthew_d_green
testedcom
floating_sheep
Brewkkake
kelsosCorner
radiohead
macamp02
MelisaurusRex
dcbrau
geofeminina
ChionWolf
Tzach01
wnprcolin
ConanOBrien
htomlin6
dannypudi
RCTucker88
BlakeWilton
jashkenas
substack
K0PIR
DupontUndergrnd
Allen
KariByron
CarolineAWoods
kanemoore
CoffeeScript
tarrudap
rosskukulinski
jshawl
ThisAmerLife
schawnmayson
mlcamilli
Y_Strahovski
ryantroyford
Srogers122
NASAhistory
MatthewBFox
necaris
Sofarsounds
CellarmanDC
SpencerCooley
NEAVC
glutenfucker
johndankosky
jonnyman9
spatialnetworks
beerledge
pspjonah
UConnThoughts
instagram
ryan_roemer
BrewDC
stevegraham1974
me0wmixgg
paulg
markmarkoh
jfhbrook
TMobileHelp
Cmdr_Hadfield
GrahamDumpleton
mattrobenolt
williamjohnbert
djangoproject
ycphillips
mappingmashups
AvidyaZEN
chrismlacy
CharlesT100
JonathonHooper
Kimmelpalooza
piscisaureus
Coestar
CedricAPhillips
labyrinthdc
brewerydb
angularjs
wizards_magic
A_Gifford
marcusrelacion
planarrowspace
NorthernlionLP
jacobscourant
GuudeLP
ExposedDC
dcjavascript
contently
socialtables
tonyquartararo
RobertWPearce
UConnMBB
seanpinegar
wlaurance
rickyvetter
bbcdoctorwho
swarmapp
cartoDB
topilarity
dctechmeetup
coreyITguy
pietvanzoen
dstufft
Chris_VanMeter
morganherlocker
asprann
Eater_DC
jaychandrasekha
beerops
cristoirmac
courteroy
Uber_DC
MTGOTraders
KnowledgeCommDC
jmswrnr
SpatialGeek
Asokrahn
vtcraghead
TheRealParrott
DCReynoldsBar
IMShawnSational
pyladies
DCPoliceDept
NodeUp
jessicafinnie
theKetsuN
DCPython
bradlellison
altonbrown
nowfred
annacele
npmjs
Ooblioob
ChrisRHamilton
PauseUnpauses
TrippBrockway
daiweilu
cmdrtaco
allie_murray
fd3_
matthiasnehlsen
astro_reid
aaronpaul_8
NPRFood
CoachKO_UConn
QualiaCoffee
VintageBeefLP
MelBarr2
eranhammer
EliFitch
fulcrumapp
JoshData
StartupLJackson
SharonFinnie
geo_dc
stephdsanders
wanderview
Zisteau
_BKo
Fosterly
PythonWeekly
TwitterOSS
badnetworker
Android
kentcdodds
dcdistillers
NodeDC
TrevorMills13
andrewtorkbaker
EthoLP
DiptaJBasu
dev_hell
LeighaWilson
cjihrig
digitalocean
JavaScriptDaily
LRRMtG
foss4gna
SimonHoneydew
YogscastSjin
nearhan
pycoders
novanode
Massdrop
Ponygiff
Bluejacketdc
pbsideachannel
holloway_danny
karengillan
RightProperBeer
sotmus
ThePinchDC
iamdevloper
thejoshdunham
OpenStreetMapUS
MTGGoldfish
AtlasBrewWorks
mscandalis
UConnDC
YogscastLewis
goodwillbits
RealPython
githubstatus
evleaks
confitcommeca
jlas_
BeschlossDC
TrackMaven
CoachCChase
YouveGotFox
eggheadio
znseaman
bsal17
StrongLoop
EmrgencyKittens
jamiedoesntvote
WeOwnThat
scotch_io
IMBYdc
docker
ajam
Brainial
Fluenciacom
RobinhoodApp
SlackHQ
jusrin00
mtgheadquarters
jacque_davis
HappyKatTweets
wkndatburneys
TheUConnBlog
MetroHotCars
Metrorailinfo
Metrobusinfo
azabbott
GrigorNaregatsi
FixWMATA
CPHWheel
TheManaSource
codeforprogress
pspcapitalalum
_davideast
PlanBBurgerBar
GoRebelMail
_juancaicedo
CharlesHKlein
DefionsCode
nodeschool
oneplus
danpazsoldan
StephenKing
geohipster
sarahkleins_
FiveThirtyEight
tessbisho
krisbedard
Megabux16
MavenTheCorgi
hizhalex
JudyJow
BlueFin_io
emilyunroe
18F
KeybaseIO
sclark5761
Neovim
_BradEllison
johnyoungdev
karennotweet
SwiftOnSecurity
TolarianCollege
ANCFinder
CodeforDC
MiNombreEsGabby
DCFemTech
WomenWhoCodeDC
UpshurStBooks
bDCpennquarter
getyodlr
A_Short2012
BryanSartory
congressedits
geiser_e
bedardjon
letsencrypt
Silectis
Snowden
WorldWideAndy
official_iojs
React_DC
SamBRutzick
modern_nexus
charmcityjs
ruffconcepts
bencodezen
RoboRosewater
dcpydojo
NodeSchoolDC
KeiserHealth
