nanek
newmediajim
jcarbaugh
Starbucks
acdha
easel
heddahfeddah
TUAW
RobbieTheGeek
jeffpulver
Shareaholic
mooniker
duncanriley
chrisgarrett
JoeCascio
ajturner
jimgoldstein
elgreg
bonnie
async_io
winecast
danmactough
Dan_Christensen
lizstrauss
golfgirl
pinotblogger
gletham
lawduck
martey
washingtonpost
JimKukral
atanas
kevinboer
spooons
redsockscast
Pistachio
audreyr
talllguy
rdempsey
Murtza
tomreece
edwelker
glennon
aclark4life
Andrew303
barcelonaphotos
kcunning
AndeGregson
pandoramusic
fstop23
JasonPeck
MCHammer
JetBlue
cmkpl
bduverneuil
Zappos
Anechoic
RoshSillars
rossk
smbwayne
SouthwestAir
QueenofSpain
libraryguy
cookingupastory
septagonstudios
jmayer
kg4jbj
mixx
MattBowen
imafraidso
poshmama
PatCruzWine
allanpitter
JasonFalls
Imagekind
karptonite
DiningFever
reedobrien
RickWolff
solomonstre
adamcohen
having
JHancock
geekz1
blogginads
mkramer
Xoostcom
bryceroney
steamykitchen
adamdscott
AB9RF
blinkylights23
frogmonkey
TweetUpAZ
1WineDude
magichat
DruidSmith
markmand1010
Tambeharry
TweetStats
needcaffeine
BrookeBarnett
mikebrody
mytrade
rworth
billdollins
jharpster
mattcaldwell
gregskidmore
CraigCamp
bennylope
TwitPic
stevedrees
lhochstein
johntindale
RepTimRyan
kyloma
geoparadigm
stejules
pop_culture
typingfool
theILLife
comcastcares
JackieKazil
twitlive
Kirrilian
Shentonfreude
w1wra
Mike_Wesely
johnelliottDC
paolodm
cshenoy
mmWine
scottmarlowe
tastespotting
Cannister
magichair
irreverentmike
jakin
JamesPlankton
FeedbackSecrets
rhodesjason
searchmeinc
grafxnerd
thedailyqlp
EllaMay
dropio
retzloff
MaryMcNeice
justinemusk
nijel_mapping
socialoomph
VU2SGW
mistersql
SalesBlogcast
matthewcp
ChristianHoward
MobomoApps
polkadotmommy
TheBeard_TV
codebear
previous
fillerwriter
99dHotList
FindBeerInfo
MustLoveWine
urbanrhino
topidante
madstatter
BrettGreene
realestatechick
JonahLupton
mccambridge
dpblogs
fsanders
isitniceoutside
devhammer
GeoDAWG
steveouch
hartfordcourant
domrodwell
jas_aiken
jasonbirch
Mikeafrazier
WhoWhat
HomeDepot
TweetDeck
wilsongis
PersonalLife
writingroads
PawelSzulencki
Pseudorant
johnculberson
kamarvin3
paulitza
scottayars
debpuchalla
junyuan
Share4Life
paul_boos
mattwensing
jennyonthelam
aussielunix
__KatieBrooks
twiticker
supaket
WholeFoods
anthonydpaul
mapsgirl
MathieuB
MotoDeals
mindmunity
MomsRising
adunkman
justinlevy
CTstartups
hookahed
cmcclain_nj
arjenvrielink
NAVTEQ
HtfdAdvTonight
IanWalsh
drinksomewine
spunkyarn
MyStarbucksIdea
HiFiAudioRO
libliz
kd0bik
sanebull
geodeveloper
oilpatchplug
coffeeandcode
stevendrowe
JimMasullo
afshop
tomh151
KateRothwell
welovemikeyb
prickett
standupcomedy
URISA
AKdude
draftmag
cricket3r
TomJanz
paultag
sitepointdotcom
wonderchook
geocommons
whateverebay
jessicagarson
CoffeeGroundz
martinavila
grader
ZacharyGoh
hookahgenie
Martysjournal
sportsman1000
gbrandt55
dcrblogs
taxplanning
nathenharvey
GeekDaily
dengi20
echoshack
beerevents
perrybelcher
pipolitic
penny_stocks
kylehill
Esri
EsriUC
tfdtv
amandahesser
TreesInstead
Razolution
Joan_W
NikkiVanDeWalle
tjovic
MaRKTD
beatcrave
skysthelimit
WFSWorld
baconcandy
netconstructor
LindaHecht
TheNOssip
MelissaMorris51
LiveGrad
TwallSt
DarrenBarr
RobotJames
JimBarry
magenta173
Canary4life
SmallCapInvest
HamTwits
qbunt
GigaomApple
MaryAnneFisher
eddiematney
ForeclosureData
carlosanastacio
CarrotTrader
nathancahill
corktraders
ThinkDesign
houstonwino
0x9900
Camera_Review
psdtop
worldwineevents
webfaction
gotgeoint
larsbell
UrVirtualWizard
iknowelectronic
TechDaddy
AnnNyberg
Junkculture
mattlawrence
hootsuite
designfeed
PetersonGIS
fashioncandy
CCGamers
aldenteblog
LeShamrock
mlmdynasty
chasejarvis
andrewshears
geothinker
MundoGEO
WHartfordHomes
Relationships10
eyefi
MustLoveBeer
cmcginty
NevrSurrender
DCchelsea
GetGISJobs
TreesRemember
TheEvaReid
140plus
shortyawards
mattpriour
dorinetiller
GISpathway
JustOneDollar
N0SSC
heldermira
LilBit_Philly
StephRocksIt
JasonBodor
xpresscoffee
StephHarrington
aromacup
dcpl
mpppg
gabriola007
nightjmper
gnhorse
wpcult
handspattern
minemapper
MapMaori
kmhowe72
ctop1001
CigarTwits
MongoDB
boundlessgeo
qipit
spaminal
geodjango
jonvieve
TobiasMcNulty
StockMarketData
RStein88
tw_itterio
wd4bob
dot_cloud
medonaas
KaronieLaudian0
samanthaa11
geographile
sarahfricke
myartspace
filmtwits
hpnadig
calvynlee
GeoAnalytics
VictoriaSydney1
SpiderOak
DominionTea_dc
lowcarbplanner
j00bar
accruwine
traffikd
howtobeabadass
zachssportshack
cicii3
Zagat
GeoTechie
Gordon_Biersch
GeoCommunity
W7LHT
thegolfblog
workfmhomeDiva
weeklyinterview
SoundTransit
whusterj
SpanishDict
EricLeist
jameyjeff
HomeInvesting
bandofhorses
BeatUpRoadSign
DonnaTronna
AcronymOnline
JavaTime
UofHartford
Hexahost
KILL5
ahaurw01
brocakun
GeographyFacts
isfingawesome
danieltoofroc
mapvibe
chicagodesign
savebenno
Golfing_Nut
wadehammes
gedarufi
Taliesn
WCVB
SkipCody
rjhale
uxdc
weretalkinggolf
golftalkusa
Legotronix
DJHero
JustTrynToBeMe
twtad
ericgaudet
thisdavejohnson
edwintgolf
Geo__Don
ReedTimmerAccu
tinacary
geographygeek
GolfProGirls
RandolphQuan
GEOpdx
GISedu
CarrieTurners
execlvlsearch
inesmartns
asberk
iemploy
AGMCollege
Cianomaidin
WorldTwenty20
dc_coder
eStreetStocks
clarebear8080
BGRBurgerJoint
WSankey
kesslercrew4
geo_will
rajeshbubuk
payscale
discoverphoto
johnnydobbins
yeongsheng
django_district
RCAHoops
GISZONE
HeyDontStayHome
_Stepharr
k4kev4
AndysFunhouse
NickelStocks
soledadobrien
gariphic
WX1GRS
philipebels
lhartfeil
apexearth
WoodNTap
Owner_Direct
matthewhagopian
american_mikey
Niaimrte
GeoMmm
pobre5
grassrootstrans
Alana_812
Stakemill
tiny_twit
nationjs
navsparx
vrickvross
mtimlin
bicpens
infoecho
TechTockBlog
philecker
LucasKarmazinas
Joshuakcross
SoftConx
PollutionMaps
miguelmotah
AlbertoSLeon11
CSSRECRUIT
chefsfeed
twitstreet
JeanetteGass
fearfield23
eisaksen
OReillyUG
Ms_MaryMack
ebrjobs
alittlehewlett
itsFunJoinToday
apoon_
mystarbuckscup
hubermantamir
KylerStorm
samwalters1
GeorginaGM
HartfordBlock
teambartowski
loki_president
SierraNevada
TheaClay
uncompiled
nhregister
thomashoffecker
creepingcharlie
LocalOnlineNews
little_bastrad
cameronmaske
ErikKyleNielsen
jwpe
jvpollard
markgoodstein
HowardHazelwood
Hookahs
YV5MM
ThBlackSquirrel
MasterBizCoach
vhen1996
kc8jto
ACT_CLUSTER
FawnCleome
xprogrammer
ElAngelRojo
WebProMinute
BarcelonaWineBa
DC_Buzz
WhatIFoundToday
KevinDavus
ktay11
rosenacg
briankowalenko
therebeccamead
merlinas
notebookquote
sarahannboyd
DeathbyDCSports
gadgetmu
naefish
hostersuk
MonetizeMedia
cwrightdesign
sabelharris
DwnloadingNancy
BeSafe2
imorseu
ZeeniyaKamil
GreatCoffeeShop
tipsforcollege
SalarRahmanian
edwardjkim
rarackham
ListBuildMaster
ikiMap
alta4
greenstockalert
CassandraKub
Trever
hbwnin
TweetURich
tssbhk1
dasjoshua
lindasiz
tonyojeda3
GraphicsCentral
jkleintech
Aries2_2
tech2idea
BesitoMexican
LongHillBaptist
gisday
peacengell
mjnicoletta
32arden
EsriCareers
ChoffChoff
Miss_Krysti696
webchad
Agave_Grill
April_Grace09
randal_olson
VaughansPub
jackiemoondbb
ProBloggerDeals
learning_ceo
zrebar
Davisd4
frhlunav
DealHunter_NJ
TheGeoExperts
Elrabaya
Carmela10Paul1
ashleigh985
vexxhost
rleewhite
RCNconnects
BrianFLeDuc
AraceliScarborA
gawkit
GeoMentor
kicksopenminds
ygpoint
AlwaysKISH
CitySteam
affair77m
Pla_voluntario
RSGAT
FemiFolarin
mappingdc
ojtos
GeoBrewer
Don_MaristGeo
Cdspeis
Heycookie6
FoodStorageCo
Lololer
VIVATowels
mrsterile
Dotcom_Monitor
FDNYGIS
nutjob4life
mrmarkrichards
holly84d
AliWagz
Ronnaba
laudineia
colhannibal
cbfitzgerald
mxkendrickbrook
catherinemorton
jrullmann
Susan5t7n
Juliet4u4a
Sofie2b5y
Victoria5d3a
Amber9h3d
geodoctress
onefortydev
SupriyaPanje
CEMcFarland
DevIndiaJnv
DoTheMexican
XPl0ziOn
LindsayDenotes
recursivefunk
Ratanaxp
Roxanne_Faye
OpenARML
entchev
BeerSessions
TinnedCarrots
vphonegirl
geohackr
Perkins_497
opensourceway
DemetriKots
louisfinan
WeGetDiscovered
siloraptor
leicadream
stevenha11
Streetgolf
CrudoCafe
Beteaffonso
bryanzupan
2forgive
fbradley33
rektide
julienrenaux
RandyLeonard
AndBeauerson
resonatedigital
bamboobobshow
WHartfordNews
GeographicalMag
up_golf628
Forbes
hectorfc86
rozay_breezy
IzeRahRah
wdgtweet
s1gibbens
itsukhiro
Mercatnegre
spmamidi
JobsAvailableCT
kpsivagnanam
GlobalExpo
coolkiza
shrootyc
RabbitEarsVideo
shotmakergolf
Bendeylimo
lotterysurf
EsriPress
WatersEdgeUSVI
freddy_lance
PaulGrizzay
ZiverBirg
pouyan_ghasemi
KitchenAidUSA
BostonsDD
skratchdot
simonykli
AndurielStudios
GISCloud
benvinson
geosay
FabioEiV
rahulkavitha
espatial
miss_mcampbell
urbanmapping
MelisaurusRex
azavea
geofeminina
watcher_969
ShaggyWrites
ieatkillerbees
dimkasamp
Tzach01
GeoStevestr
cash4myoldGOLD
UChicago_GIS
SGituko
macnpy
GFrieljr
htomlin6
NYCArcUser
RCTucker88
runningonbutter
BlakeWilton
EreckFlowersNFL
ZackJWard
Hcstephenson1
Sean_McBeth
SoExtraSoCal
KatyMImhoff
wpromotion
rssmapper
GISOpenSource
eaglemap
alyssaguo
Guuillae
K0PIR
GISdotcom
140dev
freestylebit
NYS_GISA
DaveTaube3
snackribjay
demilicker
Allen
KellinyGS
structorules
bladefinor
CarolineAWoods
Cloud9IDE
kanemoore
CTLAMBDAS
mPower_GIS
Omarserna
rosskukulinski
GEICO_Service
jshawl
schawnmayson
mlcamilli
corsoa
BonCrowder
RWWgeo
helloseann
joyjustus
chandrasekharr8
Dragons8mycat
garrettrdm1
DuncasterRetire
TechnduOfficial
englandgadgets
MatthewBFox
necaris
losthighway8292
saurabh_sehgal1
DividerRoom
luminousbeam
SpencerCooley
GISQuery
justinpere
jasonwyse1983
mrs_coopaloop
cjwilburn
vancexandre
goodchildbank
jonnyman9
eurcard
SocialMediaFann
spatialnetworks
beerledge
pspjonah
GRUPOYVSAT
QChamberblog
jikeytang
mashwatchinfo
TblTopGiraffe
ProssageWell
raphalski
CoffeeCyclist
ryan_roemer
stevegraham1974
dgrafrica
TMobileHelp
Hamitay05
Lady_Jaye12
williamjohnbert
HerndonAward
lindamaxcy
RashtheDude
CharlesT100
JonathonHooper
Kimmelpalooza
Anjelkin
Binpress
rileymcd
A_Gifford
IlluminCompass
DavidTRosen
AllineaSoftware
marcusrelacion
planarrowspace
TayeDiggs
OAndSAssociates
osesisibor
Louie_Cao
py3fbi
MelGallagherNYC
rowenaabra
OnThe_RightTrac
car2goDC
cibbity
mybrandup
dotfiler
movetoDMV
CindyFowler
cffconforfit
vicent007
besi1987
rohanreddy01
PanoEasy
BeWealthySmart
Rovolutionary
adampeter6
blacktallon
seanpinegar
SpaceForum_ME
yusanusi
ATHeritageArea
TheLeaderBird
thef1rstclass
TheDevilsDorito
eco_modelling
TheBurgerCompny
BUCKLINBUILDING
Golfie_com
AnaRemoo
wlaurance
Elisa_Rose99
USRoadRunning
TIMVDMEY
rickyvetter
GetMeProduced
topcoderupdates
MiddletownJobs
everydayfrench
vitamintalent
CLU21STUDIOS
CARTO
topilarity
toddtstone
coreyITguy
githacking
SarahCMiner
YuriBolton6906
Sebastian141414
Moonster3821
pietvanzoen
TrinUnderground
mattrobinsonmpa
ArlRooftop
Leonslxjo
jessicasteeves
adelinemo
TalentsourcerUK
MariesaKDale
asprann
HealthcareWen
cristoirmac
yongpin1992
aljbawiahmad
cyrena_ent
WSInvestingCo
PinnacleSalesAc
courteroy
PHOEBE_arttime
ImBluetrek
Jasmeet_SB
LiveTheDream787
SmartGISGPS
Uber_DC
cryptoTrain
anilgowd
KnowledgeCommDC
mostLOADED
kappataumu
apostoiis
guilledegrand
KZPH
jmswrnr
SpatialGeek
Asokrahn
Jtols3
vtcraghead
MillionzMindset
aprisept
emme422
BigCoffeeBuzz
TheRealParrott
DCReynoldsBar
pavdimitrov89
IMShawnSational
sivakumar_sun
rongonzalezlobo
jessicafinnie
mjaczynski
MAPCITE
DCPython
vandezandejhye5
bradlellison
FrancescoMonze
nowfred
FitnessDietBlog
jasonbarker2
jflorablack
michaelbdev
annacele
BiancaCuomo
SukhaniSandeep
GIS_Kit
bariatric_site
kuriosfarms
VizualizeMe
NangamsoSwazi
TheSwaggStarz
ChrisRHamilton
geniekld
SunsetJacks
130Projectors
daiweilu
allie_murray
Mehedidb
fd3_
theGPFAFF
matthiasnehlsen
PoetLanceWolf
JasonAdamWyse
cbae_frank
SharGovindan
ferrer_e
MongoDC
freddydelcarpio
webdirect_srl
MelBarr2
LoomisLandscape
ParabolicVC
_aaroneous
EliFitch
GarrettSHampton
Onecim
gridandground
fulcrumapp
justinmhill
NewLightTech
htaskit
ZuriHunter
dfuda001
BentleyPark
teleopentry
Ladyrtyjl
Taylordhjfr
SharonFinnie
geo_dc
MLComm
stephdsanders
wanderview
Aowkhze
jsznaider
MaxRoald
Axswtg
Tel_y_SIG
_BKo
Chris_Hohn12
Fosterly
cafeavec
Fuzzypants16
Chillcapped
sentilsebastian
ntechcompany1
TwillionSol
richiekawamoto
Richard_Brittan
badnetworker
VideoKillers
cttechjobs
equinoxlogic
MyCoffeeShirt
djbeaty7192_DPD
TWWCNN
luckyjajj
lupacchinom
TrubatesMA
poligloton
NodeDC
saif_feni
geo_times
TrevorMills13
MYTOWNS_CT
HamashiyaZoe
DeeVotrawFPQR
ExcelMapping
coolboycasanova
dclimos
retailmketing
andrewtorkbaker
1000mileweb
DukeRabbane
MisaSimic
GrimsbyHamradio
IntegriShield
edaenas
SGueddas
DiptaJBasu
ChelsaeB
magic8ball2
anilkurudamanni
GVAcartografic
dev_hell
LeighaWilson
dcbinc
cjihrig
cinemuffin
NikitaKobeyashi
rnvcaba
LoversOfCoffee
riAlaynaah
xJazzmyndgr7b
platinummoviedo
platformer_com
RedskinsJunky
muldersmznv0
ApoloMulato
ThisIsTheDay_
jason_cara
GisEXTENSIONS
CharleneRoa
HogRiverBrewing
MoxieExchange
gill1220
foss4gna
shareabouts
GlacierMapping
Bettrysomqsy
kingsmovic
nearhan
novanode
JohnnyBradburry
Eran_Oved
SXBlueGPS
MarkListr
Buxaplenty427
K_Pavlopoulos
ArizonaInternet
goocreate
EZ_Traffic
elitesymbol
mwConference
handtag_app
DJMUCHOMONEYBAG
CareersInGIS
Cauzly
EmmaSantika
SeanPerez6
Collectors_sg
rishikeshbest
debasish66566
PNCBank_Help
SocialArlington
hypist
TwitGrameister
0xDD54F
Susanbutler122
MekkiElmograbi
GISRUK
RightProperBeer
sotmus
chaidhiirs15
thejoshdunham
rkgbbl
OpenStreetMapUS
legacywomenrock
SoverN11
Hydssp
MalePains_
jedi_ll
GISWEBMAP
AgileHires
RenyBeny
Rubiodematias
HindsightPro
KottiCMS
sugamonroe
socialstocksnow
umi_gis
AtlasBrewWorks
mscandalis
Kakubagerald
stretchrceo
MexicoDaily
MapsBI
AndrewSayavong
RocasJewelry
blackisback2012
CyprusRNetwork
derryruntu
SantoshSangam1
LibertyGroupCD
LoveHowell
LucildaBocanegr
BestofKickstart
ShazamSupport
TonyaMobii
siapromx
inver_izmael
OpensourceSaaS
siriusstarint
BEITZandDAIGH
BeingJayDesai
Ifrankieoffical
IQDeskInc
ApacheGeo
asapgeomatix
confitcommeca
CerratoCerrato
TheLaserLegend
gdshvw
jlas_
pushpinapp
talentjoseph
W12Frances
DCBigDataJobs
slamteya
PinnyBardwigdor
Grg_Lnt
TrackMaven
IMTTips
YouveGotFox
CephasConsult
dev434
CelerityITLLC
TheWordDC
David388345
Business_Convo
znseaman
spatial_jobs
nankoma
CPGrubes
bsal17
vanessaknowle12
Play_GIS
TopCommuter
Sulaiman_Khan12
youngprinceintl
RigolHam
GRASSGIS
CrashPlanSlow
sibghatullahsh2
anhbkacad
HoshMody
ClaytnRecruitsU
LuptonGroup
sohan9090
jmedoesntsmoke
WeOwnThat
scotch_io
IMBYdc
azemar7air
yamhay
Hiddenboyboy
RetykaSukma
mappmechanic
terminader25
sfgray26
haitham2225
TH_airlines
xxfiny
CFMentor
MetroOps
InfoJulien
admissionsense
Fluenciacom
IAmJeffEmmerson
ChrisNelsonOK
Manuelbender13
oheokh73
grotindustries
DavisandLogan
jusrin00
Julia_A_Carney
jacque_davis
ComplianceBrown
iErayDursun
varatel
CarriageHouseAM
stevecstian
ABordvik
HappyKatTweets
wkndatburneys
GANODERMAdrinks
PeppyKamek
MafiaFamilyMusi
imisslovelove
DimalenNairah
rahesohn
apiology
Safari_Flow
lambdapride75
RispoliShannon
JohnFMartin3
DavisHud
BoldData
PinneyLaneVegan
Spearin_GIS
GrigorNaregatsi
hendrixsemos
MiguelCAdams
hatchITDC
envoypatrick
amyjollymore
DevMtn
PoseidonIMG
alexdohmen
JayManale
tjbruss
E2MATRIX1
lelakibertuah
hotjam_
pspcapitalalum
Pachacarto
YimSavuth
CCSUCenterStage
dangal_pradeep
DCLivescom
DCDonutCrawl
angularjs_io
LeoRavanelli
PlanBBurgerBar
GoRebelMail
VoxCheshire
Pratiorganize
SouthernRefunds
HarpWebServer
HDGourmet
_juancaicedo
ArgonLife_Faith
thetopboutique
UIPros
Wiz_Cole
SISPL_Jaipur
Diptagis
FundFundme
GtfishOyster
ssatishggoyal
iam_abdull
CharlesHKlein
JgaoJo
DefionsCode
nodejs_bot
FreshTechIT
Fortgangkd764
lathapu1980
Timur_662
nohtypdev
irfan_lalok
HStMovemberfest
m2perks
danpazsoldan
johnita468
LouiseFulcrum
geohipster
julianaadomingu
junkthis13
juliana80489044
SotiriosVrachas
Yulya753
sarahkleins_
OlapyBlog
GetLevvel
VosNaomi
donaldbrutlag
GentlemanShop
Daniel_Forsyth1
ChimaMandi
alejandrojnm
GeoNe_ws
krisbedard
Riekwels
StartUpsSolar
Megabux16
MavenTheCorgi
ng_tracyy
bek_online
hizhalex
JudyJow
nodevember
WillAmaniWorld
BlueFin_io
DreamPaintin
paradigmsocial
BisTalkNews
emilyunroe
venefonseca493
ameanmagazine
Deepakkoliproli
sclark5761
owen_rochte
_BradEllison
johnyoungdev
MandJOnline
KeshiaKares
yomimbi
thinhjs
karennotweet
CrowdTAssoc
MiNombreEsGabby
SunCanaCoffee
ROXJL_TI
C_DentTunali
ClydeMarl
Ultimatecaddy
TeamSqeets
A_Short2012
pingometer
BryanSartory
michael53108456
scaleninja
AETEA_DCmetro
paulr_rohan
LougeniaC64
kmanjurul
DCMetroProbs
geiser_e
daotc94
kolabtree
bedardjon
msmith_techie
nmcholakov
rabiulk3
tismle
PeritasCon
iwebplanet
t_rextine
ccsuprenant
mrpoopiehead7
tintinemlece
pagejavatpoint
sndsxpnsv
school2startup
BrooklandRidge
_joao_luz_
inka_io
BMWBinge
CrowdtDc
cralford21
Silectis
P3Geek
CodeStake
WorldWideAndy
kumarisanju524
15b64836bcb64d6
NGEXPOEvents
brandonjyuhas
OneSpeed__
castdown8
lchaines1
RetriumHQ
ngKalbarczyk
kscoult
SamBRutzick
Emitter_io
iplustechs
HammRules
flyvictortech
ChristinePerham
KatieJobspring
PSisMagic
sweetspotE3
motazabohaja
StackSavings
ITDmay
Punch2Crunch
SusanSagarin
TheSiliconHill
PBadarau
ClaimYourNameHQ
rypelabs
journeytech_ca
SolutionsParam
HapAppDC
bencodezen
Monica_Tison
haddorecruit
tecknuovo
TopAngularJS
thepatleong
dcpydojo
NodeSchoolDC
nextcenttalent
clebronrht
DevonTIMDC
Hiretalentjobs
matthewsmith335
JaCk3142AwSoMe
JocelynJo_9
pyletter
biznomy
ghoshkaj
kibbyrivas883
robinwood2015
gregoshop
comment_sense
zack_bostian
ol_angular
Clef_Xian_lee
Webster_Health
JavascriptBot_
Matt_Koschak
trainsnake
wordpressbot_
jpmcmilln
winniekwoksays
jabahutscript
JCBeII
Dat_Lt
ng_pakistan
DevonJones1233
devFromFuture
HPNationalMall
david_does_code
Stellarend
HERPsofficial
kickzhang
CluelessFred
ivotemplates
maps_camp
creativewebdes7
angular2paris
SAMUELITODO5
RadySeang
Chocobii36
synapse_coder
Chocobii44
bedjango
JKramer2017
Soulshine82
iamvicvicious1
r9scian
lforsytheiii
programmingmode
Harikrishnanpm0
nf_gdr
endolent
PythonDevsIndia
glou1986
A_MacKay0
iTouchUSAShop
angular_work
TheKaleCoder
AoXZIcFQwEkdLn0
Yoonjihee422
Samuel_Lair
stef4100
RightAwayDevs
AliHeiden
edna_quick0
MimouniDali
Right_Mesh
angularhunt
whizitservice
realCardsphere
tortugalocamtg
millermountainl
thelockerroom78
simrank01230
fullstackweb101
xcodit
everyday_rick
Weilegdpjiayou
JamEnc18
Cambrown1991
MasiasAmanda
BanezBrooklynn
CaffeinateOften
DanielS44170757
HallieRounkles
ggnnddrrss
